<?xml version="1.0" encoding="UTF-8"?>
<!-- Generated by org.testng.reporters.JUnitReportReporter -->
<testsuite skipped="0" hostname="DESKTOP-UMS68C0" name="SalesFlow.salesUser01day01" tests="1" failures="0" timestamp="2022-02-28T22:49:29 IST" time="0.013" errors="0">
  <testcase name="salesuser01method01" time="0.013" classname="SalesFlow.salesUser01day01"/>
  <system-out/>
</testsuite> <!-- SalesFlow.salesUser01day01 -->
