<?xml version="1.0" encoding="UTF-8"?>
<!-- Generated by org.testng.reporters.JUnitReportReporter -->
<testsuite skipped="0" hostname="DESKTOP-UMS68C0" name="SalesFlow.SalesUser02day02" tests="1" failures="0" timestamp="2022-03-01T22:57:17 IST" time="0.012" errors="0">
  <testcase name="user02method01" time="0.012" classname="SalesFlow.SalesUser02day02"/>
  <system-out/>
</testsuite> <!-- SalesFlow.SalesUser02day02 -->
